2025-10-06 23:11:31,386 INFO: Starting Flask application... [in D:\Skills\Coding Webdev\Abba's Project\Atif Shahzad Courses Website\backend\run.py:30]
2025-10-06 23:11:35,668 ERROR: Failed to import Flask app: No module named 'flask_bcrypt' [in D:\Skills\Coding Webdev\Abba's Project\Atif Shahzad Courses Website\backend\run.py:36]
2025-10-06 23:11:53,433 INFO: Starting Flask application... [in D:\Skills\Coding Webdev\Abba's Project\Atif Shahzad Courses Website\backend\run.py:30]
2025-10-06 23:12:02,863 ERROR: Failed to import Flask app: No module named 'NCAAA_Courses' [in D:\Skills\Coding Webdev\Abba's Project\Atif Shahzad Courses Website\backend\run.py:36]
2025-10-06 23:14:34,154 INFO: Starting Flask application... [in D:\Skills\Coding Webdev\Abba's Project\Atif Shahzad Courses Website\backend\run.py:30]
2025-10-06 23:14:35,772 ERROR: Failed to import Flask app: No module named 'NCAAA_Courses' [in D:\Skills\Coding Webdev\Abba's Project\Atif Shahzad Courses Website\backend\run.py:36]
2025-10-06 23:14:59,731 INFO: Starting Flask application... [in D:\Skills\Coding Webdev\Abba's Project\Atif Shahzad Courses Website\backend\run.py:30]
2025-10-06 23:15:01,428 ERROR: Failed to import Flask app: No module named 'models' [in D:\Skills\Coding Webdev\Abba's Project\Atif Shahzad Courses Website\backend\run.py:36]
2025-10-06 23:15:26,501 INFO: Starting Flask application... [in D:\Skills\Coding Webdev\Abba's Project\Atif Shahzad Courses Website\backend\run.py:30]
2025-10-06 23:15:28,028 INFO: Successfully imported Flask app [in D:\Skills\Coding Webdev\Abba's Project\Atif Shahzad Courses Website\backend\run.py:34]
2025-10-06 23:15:28,993 ERROR: Failed to create Flask app: No module named 'backend' [in D:\Skills\Coding Webdev\Abba's Project\Atif Shahzad Courses Website\backend\run.py:44]
2025-10-06 23:16:27,510 INFO: Starting Flask application... [in D:\Skills\Coding Webdev\Abba's Project\Atif Shahzad Courses Website\backend\run.py:30]
2025-10-06 23:16:29,196 INFO: Successfully imported Flask app [in D:\Skills\Coding Webdev\Abba's Project\Atif Shahzad Courses Website\backend\run.py:34]
2025-10-06 23:16:30,546 INFO: Flask app created successfully [in D:\Skills\Coding Webdev\Abba's Project\Atif Shahzad Courses Website\backend\run.py:42]
2025-10-06 23:16:32,281 INFO: Database tables created successfully [in D:\Skills\Coding Webdev\Abba's Project\Atif Shahzad Courses Website\backend\run.py:51]
2025-10-06 23:16:32,283 INFO: Python version: 3.13.7 (tags/v3.13.7:bcee1c3, Aug 14 2025, 14:15:11) [MSC v.1944 64 bit (AMD64)] [in D:\Skills\Coding Webdev\Abba's Project\Atif Shahzad Courses Website\backend\run.py:61]
2025-10-06 23:16:32,285 INFO: Current working directory: D:\Skills\Coding Webdev\Abba's Project\Atif Shahzad Courses Website\backend [in D:\Skills\Coding Webdev\Abba's Project\Atif Shahzad Courses Website\backend\run.py:62]
2025-10-06 23:16:32,285 INFO: Python path: ["D:\\Skills\\Coding Webdev\\Abba's Project\\Atif Shahzad Courses Website\\backend", "D:\\Skills\\Coding Webdev\\Abba's Project\\Atif Shahzad Courses Website\\backend", 'C:\\Program Files\\WindowsApps\\PythonSoftwareFoundation.Python.3.13_3.13.2032.0_x64__qbz5n2kfra8p0\\python313.zip', 'C:\\Program Files\\WindowsApps\\PythonSoftwareFoundation.Python.3.13_3.13.2032.0_x64__qbz5n2kfra8p0\\DLLs', 'C:\\Program Files\\WindowsApps\\PythonSoftwareFoundation.Python.3.13_3.13.2032.0_x64__qbz5n2kfra8p0\\Lib', 'C:\\Program Files\\WindowsApps\\PythonSoftwareFoundation.Python.3.13_3.13.2032.0_x64__qbz5n2kfra8p0', "D:\\Skills\\Coding Webdev\\Abba's Project\\Atif Shahzad Courses Website\\backend\\venv", "D:\\Skills\\Coding Webdev\\Abba's Project\\Atif Shahzad Courses Website\\backend\\venv\\Lib\\site-packages"] [in D:\Skills\Coding Webdev\Abba's Project\Atif Shahzad Courses Website\backend\run.py:63]
2025-10-06 23:16:32,291 INFO: Application is ready to serve requests [in D:\Skills\Coding Webdev\Abba's Project\Atif Shahzad Courses Website\backend\run.py:64]
2025-10-06 23:16:32,293 INFO: Running in development mode [in D:\Skills\Coding Webdev\Abba's Project\Atif Shahzad Courses Website\backend\run.py:67]
2025-10-06 23:29:22,396 INFO: Starting Flask application... [in D:\Skills\Coding Webdev\Abba's Project\Atif Shahzad Courses Website\backend\run.py:30]
2025-10-06 23:29:24,101 INFO: Successfully imported Flask app [in D:\Skills\Coding Webdev\Abba's Project\Atif Shahzad Courses Website\backend\run.py:34]
2025-10-06 23:29:24,336 INFO: Flask app created successfully [in D:\Skills\Coding Webdev\Abba's Project\Atif Shahzad Courses Website\backend\run.py:42]
2025-10-06 23:29:25,913 INFO: Database tables created successfully [in D:\Skills\Coding Webdev\Abba's Project\Atif Shahzad Courses Website\backend\run.py:51]
2025-10-06 23:29:25,913 INFO: Python version: 3.13.7 (tags/v3.13.7:bcee1c3, Aug 14 2025, 14:15:11) [MSC v.1944 64 bit (AMD64)] [in D:\Skills\Coding Webdev\Abba's Project\Atif Shahzad Courses Website\backend\run.py:61]
2025-10-06 23:29:25,913 INFO: Current working directory: D:\Skills\Coding Webdev\Abba's Project\Atif Shahzad Courses Website\backend [in D:\Skills\Coding Webdev\Abba's Project\Atif Shahzad Courses Website\backend\run.py:62]
2025-10-06 23:29:25,914 INFO: Python path: ["D:\\Skills\\Coding Webdev\\Abba's Project\\Atif Shahzad Courses Website\\backend", "D:\\Skills\\Coding Webdev\\Abba's Project\\Atif Shahzad Courses Website\\backend", 'C:\\Program Files\\WindowsApps\\PythonSoftwareFoundation.Python.3.13_3.13.2032.0_x64__qbz5n2kfra8p0\\python313.zip', 'C:\\Program Files\\WindowsApps\\PythonSoftwareFoundation.Python.3.13_3.13.2032.0_x64__qbz5n2kfra8p0\\DLLs', 'C:\\Program Files\\WindowsApps\\PythonSoftwareFoundation.Python.3.13_3.13.2032.0_x64__qbz5n2kfra8p0\\Lib', 'C:\\Program Files\\WindowsApps\\PythonSoftwareFoundation.Python.3.13_3.13.2032.0_x64__qbz5n2kfra8p0', "D:\\Skills\\Coding Webdev\\Abba's Project\\Atif Shahzad Courses Website\\backend\\venv", "D:\\Skills\\Coding Webdev\\Abba's Project\\Atif Shahzad Courses Website\\backend\\venv\\Lib\\site-packages"] [in D:\Skills\Coding Webdev\Abba's Project\Atif Shahzad Courses Website\backend\run.py:63]
2025-10-06 23:29:25,914 INFO: Application is ready to serve requests [in D:\Skills\Coding Webdev\Abba's Project\Atif Shahzad Courses Website\backend\run.py:64]
2025-10-06 23:29:25,914 INFO: Running in development mode [in D:\Skills\Coding Webdev\Abba's Project\Atif Shahzad Courses Website\backend\run.py:67]
2025-10-07 12:42:27,418 INFO: Starting Flask application... [in D:\Skills\Coding Webdev\Abba's Project\Atif Shahzad Courses Website\backend\run.py:30]
2025-10-07 12:42:38,248 INFO: Successfully imported Flask app [in D:\Skills\Coding Webdev\Abba's Project\Atif Shahzad Courses Website\backend\run.py:34]
2025-10-07 12:42:40,446 INFO: Flask app created successfully [in D:\Skills\Coding Webdev\Abba's Project\Atif Shahzad Courses Website\backend\run.py:42]
2025-10-07 12:42:42,215 INFO: Database tables created successfully [in D:\Skills\Coding Webdev\Abba's Project\Atif Shahzad Courses Website\backend\run.py:51]
2025-10-07 12:42:42,216 INFO: Python version: 3.13.7 (tags/v3.13.7:bcee1c3, Aug 14 2025, 14:15:11) [MSC v.1944 64 bit (AMD64)] [in D:\Skills\Coding Webdev\Abba's Project\Atif Shahzad Courses Website\backend\run.py:61]
2025-10-07 12:42:42,217 INFO: Current working directory: D:\Skills\Coding Webdev\Abba's Project\Atif Shahzad Courses Website\backend [in D:\Skills\Coding Webdev\Abba's Project\Atif Shahzad Courses Website\backend\run.py:62]
2025-10-07 12:42:42,217 INFO: Python path: ["D:\\Skills\\Coding Webdev\\Abba's Project\\Atif Shahzad Courses Website\\backend", "D:\\Skills\\Coding Webdev\\Abba's Project\\Atif Shahzad Courses Website\\backend", 'C:\\Program Files\\WindowsApps\\PythonSoftwareFoundation.Python.3.13_3.13.2032.0_x64__qbz5n2kfra8p0\\python313.zip', 'C:\\Program Files\\WindowsApps\\PythonSoftwareFoundation.Python.3.13_3.13.2032.0_x64__qbz5n2kfra8p0\\DLLs', 'C:\\Program Files\\WindowsApps\\PythonSoftwareFoundation.Python.3.13_3.13.2032.0_x64__qbz5n2kfra8p0\\Lib', 'C:\\Program Files\\WindowsApps\\PythonSoftwareFoundation.Python.3.13_3.13.2032.0_x64__qbz5n2kfra8p0', "D:\\Skills\\Coding Webdev\\Abba's Project\\Atif Shahzad Courses Website\\backend\\venv", "D:\\Skills\\Coding Webdev\\Abba's Project\\Atif Shahzad Courses Website\\backend\\venv\\Lib\\site-packages"] [in D:\Skills\Coding Webdev\Abba's Project\Atif Shahzad Courses Website\backend\run.py:63]
2025-10-07 12:42:42,217 INFO: Application is ready to serve requests [in D:\Skills\Coding Webdev\Abba's Project\Atif Shahzad Courses Website\backend\run.py:64]
2025-10-07 12:42:42,218 INFO: Running in development mode [in D:\Skills\Coding Webdev\Abba's Project\Atif Shahzad Courses Website\backend\run.py:67]
2025-12-18 18:13:57,889 INFO: Starting Flask application... [in D:\KAAM\Web Development Coding\Abba's Project\Atif Shahzad Courses Website\backend\run.py:30]
2025-12-18 18:14:05,095 ERROR: Failed to import Flask app: No module named 'flask_bcrypt' [in D:\KAAM\Web Development Coding\Abba's Project\Atif Shahzad Courses Website\backend\run.py:36]
2025-12-18 18:14:25,147 INFO: Starting Flask application... [in D:\KAAM\Web Development Coding\Abba's Project\Atif Shahzad Courses Website\backend\run.py:30]
2025-12-18 18:14:33,784 INFO: Successfully imported Flask app [in D:\KAAM\Web Development Coding\Abba's Project\Atif Shahzad Courses Website\backend\run.py:34]
2025-12-18 18:14:35,873 INFO: Flask app created successfully [in D:\KAAM\Web Development Coding\Abba's Project\Atif Shahzad Courses Website\backend\run.py:42]
2025-12-18 18:14:37,566 INFO: Database tables created successfully [in D:\KAAM\Web Development Coding\Abba's Project\Atif Shahzad Courses Website\backend\run.py:51]
2025-12-18 18:14:37,566 INFO: Python version: 3.13.9 (tags/v3.13.9:8183fa5, Oct 14 2025, 14:09:13) [MSC v.1944 64 bit (AMD64)] [in D:\KAAM\Web Development Coding\Abba's Project\Atif Shahzad Courses Website\backend\run.py:61]
2025-12-18 18:14:37,566 INFO: Current working directory: D:\KAAM\Web Development Coding\Abba's Project\Atif Shahzad Courses Website\backend [in D:\KAAM\Web Development Coding\Abba's Project\Atif Shahzad Courses Website\backend\run.py:62]
2025-12-18 18:14:37,567 INFO: Python path: ["D:\\KAAM\\Web Development Coding\\Abba's Project\\Atif Shahzad Courses Website\\backend", "D:\\KAAM\\Web Development Coding\\Abba's Project\\Atif Shahzad Courses Website\\backend", 'C:\\Program Files\\WindowsApps\\PythonSoftwareFoundation.Python.3.13_3.13.2544.0_x64__qbz5n2kfra8p0\\python313.zip', 'C:\\Program Files\\WindowsApps\\PythonSoftwareFoundation.Python.3.13_3.13.2544.0_x64__qbz5n2kfra8p0\\DLLs', 'C:\\Program Files\\WindowsApps\\PythonSoftwareFoundation.Python.3.13_3.13.2544.0_x64__qbz5n2kfra8p0\\Lib', 'C:\\Program Files\\WindowsApps\\PythonSoftwareFoundation.Python.3.13_3.13.2544.0_x64__qbz5n2kfra8p0', "D:\\KAAM\\Web Development Coding\\Abba's Project\\Atif Shahzad Courses Website\\backend\\venv", "D:\\KAAM\\Web Development Coding\\Abba's Project\\Atif Shahzad Courses Website\\backend\\venv\\Lib\\site-packages"] [in D:\KAAM\Web Development Coding\Abba's Project\Atif Shahzad Courses Website\backend\run.py:63]
2025-12-18 18:14:37,567 INFO: Application is ready to serve requests [in D:\KAAM\Web Development Coding\Abba's Project\Atif Shahzad Courses Website\backend\run.py:64]
2025-12-18 18:14:37,567 INFO: Running in development mode [in D:\KAAM\Web Development Coding\Abba's Project\Atif Shahzad Courses Website\backend\run.py:67]
2025-12-18 23:31:40,792 INFO: Starting Flask application... [in D:\KAAM\Web Development Coding\Abba's Project\Atif Shahzad Courses Website\backend\run.py:30]
2025-12-18 23:31:45,817 ERROR: Failed to import Flask app: No module named 'flask_bcrypt' [in D:\KAAM\Web Development Coding\Abba's Project\Atif Shahzad Courses Website\backend\run.py:36]
2025-12-18 23:32:22,152 INFO: Starting Flask application... [in D:\KAAM\Web Development Coding\Abba's Project\Atif Shahzad Courses Website\backend\run.py:30]
2025-12-18 23:32:29,857 INFO: Successfully imported Flask app [in D:\KAAM\Web Development Coding\Abba's Project\Atif Shahzad Courses Website\backend\run.py:34]
2025-12-18 23:32:31,560 INFO: Flask app created successfully [in D:\KAAM\Web Development Coding\Abba's Project\Atif Shahzad Courses Website\backend\run.py:42]
2025-12-18 23:32:33,203 INFO: Database tables created successfully [in D:\KAAM\Web Development Coding\Abba's Project\Atif Shahzad Courses Website\backend\run.py:51]
2025-12-18 23:32:33,204 INFO: Python version: 3.13.9 (tags/v3.13.9:8183fa5, Oct 14 2025, 14:09:13) [MSC v.1944 64 bit (AMD64)] [in D:\KAAM\Web Development Coding\Abba's Project\Atif Shahzad Courses Website\backend\run.py:61]
2025-12-18 23:32:33,205 INFO: Current working directory: D:\KAAM\Web Development Coding\Abba's Project\Atif Shahzad Courses Website\backend [in D:\KAAM\Web Development Coding\Abba's Project\Atif Shahzad Courses Website\backend\run.py:62]
2025-12-18 23:32:33,205 INFO: Python path: ["D:\\KAAM\\Web Development Coding\\Abba's Project\\Atif Shahzad Courses Website\\backend", "D:\\KAAM\\Web Development Coding\\Abba's Project\\Atif Shahzad Courses Website\\backend", 'C:\\Program Files\\WindowsApps\\PythonSoftwareFoundation.Python.3.13_3.13.2544.0_x64__qbz5n2kfra8p0\\python313.zip', 'C:\\Program Files\\WindowsApps\\PythonSoftwareFoundation.Python.3.13_3.13.2544.0_x64__qbz5n2kfra8p0\\DLLs', 'C:\\Program Files\\WindowsApps\\PythonSoftwareFoundation.Python.3.13_3.13.2544.0_x64__qbz5n2kfra8p0\\Lib', 'C:\\Program Files\\WindowsApps\\PythonSoftwareFoundation.Python.3.13_3.13.2544.0_x64__qbz5n2kfra8p0', "D:\\KAAM\\Web Development Coding\\Abba's Project\\Atif Shahzad Courses Website\\backend\\venv", "D:\\KAAM\\Web Development Coding\\Abba's Project\\Atif Shahzad Courses Website\\backend\\venv\\Lib\\site-packages"] [in D:\KAAM\Web Development Coding\Abba's Project\Atif Shahzad Courses Website\backend\run.py:63]
2025-12-18 23:32:33,205 INFO: Application is ready to serve requests [in D:\KAAM\Web Development Coding\Abba's Project\Atif Shahzad Courses Website\backend\run.py:64]
2025-12-18 23:32:33,205 INFO: Running in development mode [in D:\KAAM\Web Development Coding\Abba's Project\Atif Shahzad Courses Website\backend\run.py:67]
2025-12-22 17:49:36,076 INFO: Starting Flask app (development)
2025-12-22 17:51:05,350 INFO: Starting Flask app (development)
2025-12-22 17:51:29,083 INFO: Starting Flask app (development)
2025-12-22 18:11:26,085 INFO: Starting Flask app (development)
2025-12-22 18:14:14,128 INFO: Starting Flask app (development)
2025-12-22 18:14:16,607 INFO: Development database ready
2025-12-22 18:14:17,019 INFO: Starting Flask app (development)
2025-12-22 18:14:18,354 INFO: Development database ready
2025-12-22 18:32:27,196 INFO: Starting Flask app (development)
2025-12-22 18:32:28,666 INFO: Development database ready
2025-12-22 19:57:30,300 INFO: Starting Flask app (development)
2025-12-22 19:57:31,720 INFO: Development database ready
2025-12-22 19:57:36,669 INFO: Starting Flask app (development)
2025-12-22 19:57:37,929 INFO: Development database ready
2025-12-22 19:58:36,072 INFO: Starting Flask app (development)
2025-12-22 19:58:37,530 INFO: Development database ready
2025-12-22 19:58:41,378 INFO: Starting Flask app (development)
2025-12-22 19:58:42,671 INFO: Development database ready
2025-12-22 20:00:50,321 INFO: Starting Flask app (development)
2025-12-22 20:00:51,720 INFO: Development database ready
2025-12-22 20:01:49,881 INFO: Starting Flask app (development)
2025-12-22 20:01:51,224 INFO: Development database ready
2025-12-22 20:02:13,408 INFO: Starting Flask app (development)
2025-12-22 20:02:14,690 INFO: Development database ready
2025-12-22 20:02:16,579 INFO: Starting Flask app (development)
2025-12-22 20:02:17,875 INFO: Development database ready
2025-12-22 20:02:27,118 INFO: Starting Flask app (development)
2025-12-22 20:02:28,428 INFO: Development database ready
2025-12-22 20:05:14,803 INFO: Starting Flask app (development)
2025-12-22 20:05:16,153 INFO: Development database ready
2025-12-22 20:05:49,176 INFO: Starting Flask app (development)
2025-12-22 20:05:50,799 INFO: Development database ready
2025-12-22 20:06:04,447 INFO: Starting Flask app (development)
2025-12-22 20:06:05,918 INFO: Development database ready
2025-12-22 20:06:14,112 INFO: Starting Flask app (development)
2025-12-22 20:06:15,426 INFO: Development database ready
2025-12-22 20:06:28,003 INFO: Starting Flask app (development)
2025-12-22 20:06:29,335 INFO: Development database ready
2025-12-22 20:06:36,390 INFO: Starting Flask app (development)
2025-12-22 20:06:37,862 INFO: Development database ready
2025-12-22 20:06:40,989 INFO: Starting Flask app (development)
2025-12-22 20:06:42,241 INFO: Development database ready
2025-12-22 20:06:48,218 INFO: Starting Flask app (development)
2025-12-22 20:06:49,815 INFO: Development database ready
2025-12-22 21:17:38,598 INFO: Starting Flask app (development)
2025-12-22 21:17:40,663 INFO: Development database ready
2025-12-22 21:17:40,923 INFO: Starting Flask app (development)
2025-12-22 21:17:42,321 INFO: Development database ready
2025-12-22 21:59:20,040 INFO: Starting Flask app (development)
2025-12-22 21:59:21,399 INFO: Development database ready
2025-12-22 21:59:21,664 INFO: Starting Flask app (development)
2025-12-22 21:59:23,018 INFO: Development database ready
2025-12-22 22:10:20,144 INFO: Starting Flask app (development)
2025-12-22 22:10:21,861 INFO: Development database ready
2025-12-22 22:11:57,995 INFO: Starting Flask app (development)
2025-12-22 22:11:59,289 INFO: Development database ready
2025-12-22 22:11:59,552 INFO: Starting Flask app (development)
2025-12-22 22:12:01,065 INFO: Development database ready
2025-12-22 22:30:36,796 INFO: Starting Flask app (development)
2025-12-22 22:30:38,846 INFO: Development database ready
2025-12-22 22:30:44,309 INFO: Starting Flask app (development)
2025-12-22 22:30:45,985 INFO: Development database ready
2025-12-22 22:30:50,992 INFO: Starting Flask app (development)
2025-12-22 22:30:52,611 INFO: Development database ready
2025-12-22 22:32:50,860 INFO: Starting Flask app (development)
2025-12-22 22:32:52,789 INFO: Development database ready
2025-12-22 22:33:13,235 INFO: Starting Flask app (development)
2025-12-22 22:33:15,078 INFO: Development database ready
2025-12-22 22:33:19,052 INFO: Starting Flask app (development)
2025-12-22 22:33:20,887 INFO: Development database ready
2025-12-22 22:33:24,843 INFO: Starting Flask app (development)
2025-12-22 22:33:26,464 INFO: Development database ready
2025-12-22 22:35:10,944 INFO: Starting Flask app (development)
2025-12-22 22:35:12,702 INFO: Development database ready
2025-12-22 22:38:22,914 INFO: Starting Flask app (development)
2025-12-22 22:38:26,211 INFO: Development database ready
2025-12-23 00:08:43,584 INFO: Starting Flask app (development)
2025-12-23 00:08:45,385 INFO: Development database ready
2025-12-23 00:08:55,621 INFO: Starting Flask app (development)
2025-12-23 00:08:57,402 INFO: Development database ready
2025-12-23 00:09:38,715 INFO: Starting Flask app (development)
2025-12-23 00:09:40,331 INFO: Development database ready
2025-12-23 00:09:50,958 INFO: Starting Flask app (development)
2025-12-23 00:09:53,306 INFO: Development database ready
2025-12-23 00:32:38,035 INFO: Starting Flask app (development)
2025-12-23 00:32:39,656 INFO: Development database ready
2025-12-23 00:44:16,572 INFO: Starting Flask app (development)
2025-12-23 00:44:18,190 INFO: Development database ready
2025-12-23 00:44:20,011 INFO: Starting Flask app (development)
2025-12-23 00:44:21,502 INFO: Development database ready
2025-12-23 00:45:45,066 INFO: Starting Flask app (development)
2025-12-23 00:45:46,635 INFO: Development database ready
2025-12-23 00:45:49,575 INFO: Starting Flask app (development)
2025-12-23 00:45:51,462 INFO: Development database ready
2025-12-23 00:46:05,321 INFO: Starting Flask app (development)
2025-12-23 00:46:07,065 INFO: Development database ready
2025-12-23 00:51:14,051 INFO: Starting Flask app (development)
2025-12-23 00:51:15,936 INFO: Development database ready
2025-12-23 00:51:30,025 INFO: Starting Flask app (development)
2025-12-23 00:51:31,635 INFO: Development database ready
2025-12-23 00:51:36,803 INFO: Starting Flask app (development)
2025-12-23 00:51:38,426 INFO: Development database ready
2025-12-23 00:51:46,840 INFO: Starting Flask app (development)
2025-12-23 00:51:48,388 INFO: Development database ready
2025-12-23 00:51:54,682 INFO: Starting Flask app (development)
2025-12-23 00:51:56,348 INFO: Development database ready
2025-12-23 00:52:05,869 INFO: Starting Flask app (development)
2025-12-23 00:52:07,262 INFO: Development database ready
2025-12-23 00:55:38,920 INFO: Starting Flask app (development)
2025-12-23 00:55:40,561 INFO: Development database ready
2025-12-23 00:55:41,327 INFO: Starting Flask app (development)
2025-12-23 00:55:43,178 INFO: Development database ready
2025-12-23 15:00:21,644 INFO: Starting Flask app (development)
2025-12-23 15:17:15,818 INFO: Starting Flask app (development)
2025-12-23 15:19:25,040 INFO: Starting Flask app (development)
2025-12-23 15:19:26,396 INFO: Development database ready
2025-12-23 15:19:27,211 INFO: Starting Flask app (development)
2025-12-23 15:19:28,614 INFO: Development database ready
2026-01-02 19:41:06,504 INFO: Starting Flask app (development)
2026-01-02 21:29:31,709 INFO: Starting Flask app (development)
